<?xml version="1.0" encoding="UTF-8"?>
<!-- Generated by org.testng.reporters.JUnitReportReporter -->
<testsuite skipped="0" hostname="BLT071" name="com.testcases.logintestcase" tests="1" failures="0" timestamp="05 Mar 2020 11:00:17 GMT" time="2.667" errors="0">
  <testcase name="login" time="2.667" classname="com.testcases.logintestcase"/>
</testsuite> <!-- com.testcases.logintestcase -->
